[debug] [2026-01-12T00:25:12.521Z] ----------------------------------------------------------------------
[debug] [2026-01-12T00:25:12.524Z] Command:       /nix/store/ws50yvm6vzlzf7jzz6n7xh4szddrack1-nodejs-20.19.1/bin/node /nix/store/c776mhyhgykcld7p90ajrka149ifn61a-firebase-tools-14.26.0/lib/node_modules/firebase-tools/lib/bin/firebase.js projects:create message-constructor --display-name Message Constructor
[debug] [2026-01-12T00:25:12.525Z] CLI Version:   14.26.0
[debug] [2026-01-12T00:25:12.525Z] Platform:      linux
[debug] [2026-01-12T00:25:12.525Z] Node Version:  v20.19.1
[debug] [2026-01-12T00:25:12.525Z] Time:          Mon Jan 12 2026 00:25:12 GMT+0000 (Coordinated Universal Time)
[debug] [2026-01-12T00:25:12.526Z] ----------------------------------------------------------------------
[debug] 
[debug] [2026-01-12T00:25:12.534Z] Checked if tokens are valid: true, expires at: 1768181099792
[debug] [2026-01-12T00:25:12.535Z] Checked if tokens are valid: true, expires at: 1768181099792
[debug] [2026-01-12T00:25:12.541Z] >>> [apiv2][query] GET https://monospace-pa.googleapis.com/v1/workspaces/webprodajiforbazz-09587397 [none]
[debug] [2026-01-12T00:25:13.335Z] <<< [apiv2][status] GET https://monospace-pa.googleapis.com/v1/workspaces/webprodajiforbazz-09587397 200
[debug] [2026-01-12T00:25:13.336Z] <<< [apiv2][body] GET https://monospace-pa.googleapis.com/v1/workspaces/webprodajiforbazz-09587397 {"workspaceId":"webprodajiforbazz-09587397","name":"WEBPRODAJIFORBAZZ","workspaceRedirectUrl":"firebase-webprodajiforbazz-1768172099197.cluster-nkq3hqzdh5eouwl2qudm4nwbmy.cloudworkstations.dev","status":"WORKSPACE_STATUS_RUNNING","lastAccessDatetime":"2026-01-11T22:55:20.866239Z","workspaceTemplate":"WORKSPACE_TEMPLATE_BLANK_WEB","owner":"SELF","serviceAccountEmail":"msp-7824855712483515027@monospace-1.iam.gserviceaccount.com","gitRepoUrl":"https://github.com/justinjohnson25401-dev/WEBPRODAJIFORBAZZ.git","enableNix":true,"ownerEmail":"justinjohnson25401@gmail.com","workstationAccessToken":"eyJhbGciOiJSUzI1NiIsInR5cCI6IkpXVCJ9.eyJpc3MiOiJodHRwczovL2Nsb3VkLmdvb2dsZS5jb20vd29ya3N0YXRpb25zIiwiYXVkIjoiZmlyZWJhc2Utd2VicHJvZGFqaWZvcmJhenotMTc2ODE3MjA5OTE5Ny5jbHVzdGVyLW5rcTNocXpkaDVlb3V3bDJxdWRtNG53Ym15LmNsb3Vkd29ya3N0YXRpb25zLmRldiIsImlhdCI6MTc2ODE3NzUxMywiZXhwIjoxNzY4MjYzOTEzfQ.UuH_HUoMkXxkn8qBQI2ecgWAxSV_3-gwAIIxbH7IpV29E25JatQTBa_LyzW4FnIai2NuYR69duzG3e-eq2h18kSfEYCTS0s6P1vgcEhTeFXimh6eyQJQ5KddjLOZvX3Pvt16czdK6cO61uPAJ3R8D-SV-GVJy_4EG-cuIsKu2MtBuK92QSLInciPyrQEAIYW91uLHxshEXybo61f57AHQqIPxs6OOlRmvEBLZOQ9OqYPSqjjPzwTotHofogaO8HWF5yDZQq_AJPa6Z8UirnZhdKa73h0-7aZPHGfctXCEnlK7umk4UikUHTqwfb8RP24txXiRV5e_OCsRZ0GuvfPzw"}
[debug] [2026-01-12T00:25:13.337Z] > command requires scopes: ["email","openid","https://www.googleapis.com/auth/cloudplatformprojects.readonly","https://www.googleapis.com/auth/firebase","https://www.googleapis.com/auth/cloud-platform","https://www.googleapis.com/auth/userinfo.email"]
[debug] [2026-01-12T00:25:13.337Z] > authorizing via signed-in user (justinjohnson25401@gmail.com)
[debug] [2026-01-12T00:25:13.344Z] Checked if tokens are valid: true, expires at: 1768181099792
[debug] [2026-01-12T00:25:13.344Z] Checked if tokens are valid: true, expires at: 1768181099792
[debug] [2026-01-12T00:25:13.345Z] >>> [apiv2][query] POST https://cloudresourcemanager.googleapis.com/v1/projects [none]
[debug] [2026-01-12T00:25:13.345Z] >>> [apiv2][body] POST https://cloudresourcemanager.googleapis.com/v1/projects {"projectId":"message-constructor","name":"Message Constructor"}
[debug] [2026-01-12T00:25:13.715Z] <<< [apiv2][status] POST https://cloudresourcemanager.googleapis.com/v1/projects 200
[debug] [2026-01-12T00:25:13.716Z] <<< [apiv2][body] POST https://cloudresourcemanager.googleapis.com/v1/projects {"name":"operations/create_project.global.6958614629188169838"}
[debug] [2026-01-12T00:25:13.721Z] Checked if tokens are valid: true, expires at: 1768181099792
[debug] [2026-01-12T00:25:13.722Z] Checked if tokens are valid: true, expires at: 1768181099792
[debug] [2026-01-12T00:25:13.722Z] >>> [apiv2][query] GET https://cloudresourcemanager.googleapis.com/v1/operations/create_project.global.6958614629188169838 [none]
[debug] [2026-01-12T00:25:13.853Z] <<< [apiv2][status] GET https://cloudresourcemanager.googleapis.com/v1/operations/create_project.global.6958614629188169838 200
[debug] [2026-01-12T00:25:13.853Z] <<< [apiv2][body] GET https://cloudresourcemanager.googleapis.com/v1/operations/create_project.global.6958614629188169838 {"name":"operations/create_project.global.6958614629188169838","metadata":{"@type":"type.googleapis.com/google.cloudresourcemanager.v1.ProjectCreationStatus","ready":true},"done":true,"error":{"code":8,"message":"The project cannot be created because you have exceeded your allotted project quota.","details":[{"@type":"type.googleapis.com/google.rpc.QuotaFailure","violations":[{"description":"The project cannot be created because you have exceeded your allotted project quota."}]}]}}
[debug] [2026-01-12T00:25:13.919Z] FirebaseError: The project cannot be created because you have exceeded your allotted project quota.
    at OperationPoller.poll (/nix/store/c776mhyhgykcld7p90ajrka149ifn61a-firebase-tools-14.26.0/lib/node_modules/firebase-tools/lib/operation-poller.js:24:19)
    at process.processTicksAndRejections (node:internal/process/task_queues:95:5)
    at async createCloudProject (/nix/store/c776mhyhgykcld7p90ajrka149ifn61a-firebase-tools-14.26.0/lib/node_modules/firebase-tools/lib/management/projects.js:227:29)
    at async createFirebaseProjectAndLog (/nix/store/c776mhyhgykcld7p90ajrka149ifn61a-firebase-tools-14.26.0/lib/node_modules/firebase-tools/lib/management/projects.js:87:9)
[error] 
[error] Error: Failed to create project. See firebase-debug.log for more info.
